CRITICAL - 2023-07-06 02:29:03 --> Class 'App\Models\UKMModel' not found
in APPPATH\Controllers\UKMController.php on line 14.
 1 SYSTEMPATH\CodeIgniter.php(906): App\Controllers\UKMController->__construct()
 2 SYSTEMPATH\CodeIgniter.php(490): CodeIgniter\CodeIgniter->createController()
 3 SYSTEMPATH\CodeIgniter.php(368): CodeIgniter\CodeIgniter->handleRequest(null, Object(Config\Cache), false)
 4 FCPATH\index.php(67): CodeIgniter\CodeIgniter->run()
 5 SYSTEMPATH\Commands\Server\rewrite.php(47): require_once('C:\\Users\\user\\Documents\\GitHub\\Web_UKM_Polinela\\public\\index.php')
CRITICAL - 2023-07-06 05:57:40 --> Class 'App\Controllers\UKMModel' not found
in APPPATH\Controllers\UKMController.php on line 13.
 1 SYSTEMPATH\CodeIgniter.php(906): App\Controllers\UKMController->__construct()
 2 SYSTEMPATH\CodeIgniter.php(490): CodeIgniter\CodeIgniter->createController()
 3 SYSTEMPATH\CodeIgniter.php(368): CodeIgniter\CodeIgniter->handleRequest(null, Object(Config\Cache), false)
 4 FCPATH\index.php(67): CodeIgniter\CodeIgniter->run()
 5 SYSTEMPATH\Commands\Server\rewrite.php(47): require_once('C:\\Users\\user\\Documents\\GitHub\\Web_UKM_Polinela\\public\\index.php')
ERROR - 2023-07-06 06:19:33 --> mysqli_sql_exception: Table 'db_ukm.db_ukm' doesn't exist in C:\Users\user\Documents\GitHub\Web_UKM_Polinela\system\Database\MySQLi\Connection.php:295
Stack trace:
#0 C:\Users\user\Documents\GitHub\Web_UKM_Polinela\system\Database\MySQLi\Connection.php(295): mysqli->query('SELECT *\nFROM `...', 0)
#1 C:\Users\user\Documents\GitHub\Web_UKM_Polinela\system\Database\BaseConnection.php(692): CodeIgniter\Database\MySQLi\Connection->execute('SELECT *\nFROM `...')
#2 C:\Users\user\Documents\GitHub\Web_UKM_Polinela\system\Database\BaseConnection.php(606): CodeIgniter\Database\BaseConnection->simpleQuery('SELECT *\nFROM `...')
#3 C:\Users\user\Documents\GitHub\Web_UKM_Polinela\system\Database\BaseBuilder.php(1616): CodeIgniter\Database\BaseConnection->query('SELECT *\nFROM `...', Array, false)
#4 C:\Users\user\Documents\GitHub\Web_UKM_Polinela\system\Model.php(241): CodeIgniter\Database\BaseBuilder->get()
#5 C:\Users\user\Documents\GitHub\Web_UKM_Polinela\system\BaseModel.php(618): CodeIgniter\Model->doFindAll(0, 0)
#6 C:\Users\user\Documents\GitHub\Web_UKM_Polinela\app\Models\UKMModel.php(15): CodeIgniter\BaseModel->findAll()
#7 C:\Users\user\Documents\GitHub\Web_UKM_Polinela\app\Controllers\UKM.php(24): App\Models\UKMModel->getAllData()
#8 C:\Users\user\Documents\GitHub\Web_UKM_Polinela\system\CodeIgniter.php(934): App\Controllers\UKM->ukm()
#9 C:\Users\user\Documents\GitHub\Web_UKM_Polinela\system\CodeIgniter.php(499): CodeIgniter\CodeIgniter->runController(Object(App\Controllers\UKM))
#10 C:\Users\user\Documents\GitHub\Web_UKM_Polinela\system\CodeIgniter.php(368): CodeIgniter\CodeIgniter->handleRequest(NULL, Object(Config\Cache), false)
#11 C:\Users\user\Documents\GitHub\Web_UKM_Polinela\public\index.php(67): CodeIgniter\CodeIgniter->run()
#12 C:\Users\user\Documents\GitHub\Web_UKM_Polinela\system\Commands\Server\rewrite.php(47): require_once('C:\\Users\\user\\D...')
#13 {main}
CRITICAL - 2023-07-06 06:19:33 --> Table 'db_ukm.db_ukm' doesn't exist
in SYSTEMPATH\Database\MySQLi\Connection.php on line 295.
 1 SYSTEMPATH\Database\MySQLi\Connection.php(295): mysqli->query('SELECT *
FROM `db_ukm`', 0)
 2 SYSTEMPATH\Database\BaseConnection.php(692): CodeIgniter\Database\MySQLi\Connection->execute('SELECT *
FROM `db_ukm`')
 3 SYSTEMPATH\Database\BaseConnection.php(606): CodeIgniter\Database\BaseConnection->simpleQuery('SELECT *
FROM `db_ukm`')
 4 SYSTEMPATH\Database\BaseBuilder.php(1616): CodeIgniter\Database\BaseConnection->query('SELECT *
FROM `db_ukm`', [], false)
 5 SYSTEMPATH\Model.php(241): CodeIgniter\Database\BaseBuilder->get()
 6 SYSTEMPATH\BaseModel.php(618): CodeIgniter\Model->doFindAll(0, 0)
 7 APPPATH\Models\UKMModel.php(15): CodeIgniter\BaseModel->findAll()
 8 APPPATH\Controllers\UKM.php(24): App\Models\UKMModel->getAllData()
 9 SYSTEMPATH\CodeIgniter.php(934): App\Controllers\UKM->ukm()
10 SYSTEMPATH\CodeIgniter.php(499): CodeIgniter\CodeIgniter->runController(Object(App\Controllers\UKM))
11 SYSTEMPATH\CodeIgniter.php(368): CodeIgniter\CodeIgniter->handleRequest(null, Object(Config\Cache), false)
12 FCPATH\index.php(67): CodeIgniter\CodeIgniter->run()
13 SYSTEMPATH\Commands\Server\rewrite.php(47): require_once('C:\\Users\\user\\Documents\\GitHub\\Web_UKM_Polinela\\public\\index.php')
