INFO - 2023-07-11 06:04:46 --> Session: Class initialized using 'CodeIgniter\Session\Handlers\FileHandler' driver.
INFO - 2023-07-11 06:05:18 --> Session: Class initialized using 'CodeIgniter\Session\Handlers\FileHandler' driver.
INFO - 2023-07-11 06:05:30 --> Session: Class initialized using 'CodeIgniter\Session\Handlers\FileHandler' driver.
INFO - 2023-07-11 09:52:10 --> Session: Class initialized using 'CodeIgniter\Session\Handlers\FileHandler' driver.
INFO - 2023-07-11 09:52:16 --> Session: Class initialized using 'CodeIgniter\Session\Handlers\FileHandler' driver.
INFO - 2023-07-11 09:52:29 --> Session: Class initialized using 'CodeIgniter\Session\Handlers\FileHandler' driver.
INFO - 2023-07-11 09:57:08 --> Session: Class initialized using 'CodeIgniter\Session\Handlers\FileHandler' driver.
INFO - 2023-07-11 09:58:05 --> Session: Class initialized using 'CodeIgniter\Session\Handlers\FileHandler' driver.
INFO - 2023-07-11 09:58:07 --> Session: Class initialized using 'CodeIgniter\Session\Handlers\FileHandler' driver.
INFO - 2023-07-11 09:58:32 --> Session: Class initialized using 'CodeIgniter\Session\Handlers\FileHandler' driver.
INFO - 2023-07-11 09:59:28 --> Session: Class initialized using 'CodeIgniter\Session\Handlers\FileHandler' driver.
INFO - 2023-07-11 09:59:49 --> Session: Class initialized using 'CodeIgniter\Session\Handlers\FileHandler' driver.
INFO - 2023-07-11 09:59:55 --> Session: Class initialized using 'CodeIgniter\Session\Handlers\FileHandler' driver.
INFO - 2023-07-11 09:59:55 --> Session: Class initialized using 'CodeIgniter\Session\Handlers\FileHandler' driver.
ERROR - 2023-07-11 14:14:13 --> Error connecting to the database: mysqli_sql_exception: No connection could be made because the target machine actively refused it.
 in C:\Users\user\Documents\GitHub\Web_UKM_Polinela\system\Database\MySQLi\Connection.php:174
Stack trace:
#0 C:\Users\user\Documents\GitHub\Web_UKM_Polinela\system\Database\MySQLi\Connection.php(174): mysqli->real_connect('localhost', 'root', '', 'db_ukm', 3306, '', 0)
#1 C:\Users\user\Documents\GitHub\Web_UKM_Polinela\system\Database\BaseConnection.php(391): CodeIgniter\Database\MySQLi\Connection->connect(false)
#2 C:\Users\user\Documents\GitHub\Web_UKM_Polinela\system\Database\BaseConnection.php(574): CodeIgniter\Database\BaseConnection->initialize()
#3 C:\Users\user\Documents\GitHub\Web_UKM_Polinela\system\Database\BaseBuilder.php(1616): CodeIgniter\Database\BaseConnection->query('SELECT *\nFROM `...', Array, false)
#4 C:\Users\user\Documents\GitHub\Web_UKM_Polinela\system\Model.php(241): CodeIgniter\Database\BaseBuilder->get()
#5 C:\Users\user\Documents\GitHub\Web_UKM_Polinela\system\BaseModel.php(618): CodeIgniter\Model->doFindAll(0, 0)
#6 C:\Users\user\Documents\GitHub\Web_UKM_Polinela\app\Models\UKMModel.php(15): CodeIgniter\BaseModel->findAll()
#7 C:\Users\user\Documents\GitHub\Web_UKM_Polinela\app\Controllers\UKM.php(19): App\Models\UKMModel->getAllData()
#8 C:\Users\user\Documents\GitHub\Web_UKM_Polinela\system\CodeIgniter.php(934): App\Controllers\UKM->home()
#9 C:\Users\user\Documents\GitHub\Web_UKM_Polinela\system\CodeIgniter.php(499): CodeIgniter\CodeIgniter->runController(Object(App\Controllers\UKM))
#10 C:\Users\user\Documents\GitHub\Web_UKM_Polinela\system\CodeIgniter.php(368): CodeIgniter\CodeIgniter->handleRequest(NULL, Object(Config\Cache), false)
#11 C:\Users\user\Documents\GitHub\Web_UKM_Polinela\public\index.php(67): CodeIgniter\CodeIgniter->run()
#12 C:\Users\user\Documents\GitHub\Web_UKM_Polinela\system\Commands\Server\rewrite.php(47): require_once('C:\\Users\\user\\D...')
#13 {main}

Next CodeIgniter\Database\Exceptions\DatabaseException: No connection could be made because the target machine actively refused it.
 in C:\Users\user\Documents\GitHub\Web_UKM_Polinela\system\Database\MySQLi\Connection.php:218
Stack trace:
#0 C:\Users\user\Documents\GitHub\Web_UKM_Polinela\system\Database\BaseConnection.php(391): CodeIgniter\Database\MySQLi\Connection->connect(false)
#1 C:\Users\user\Documents\GitHub\Web_UKM_Polinela\system\Database\BaseConnection.php(574): CodeIgniter\Database\BaseConnection->initialize()
#2 C:\Users\user\Documents\GitHub\Web_UKM_Polinela\system\Database\BaseBuilder.php(1616): CodeIgniter\Database\BaseConnection->query('SELECT *\nFROM `...', Array, false)
#3 C:\Users\user\Documents\GitHub\Web_UKM_Polinela\system\Model.php(241): CodeIgniter\Database\BaseBuilder->get()
#4 C:\Users\user\Documents\GitHub\Web_UKM_Polinela\system\BaseModel.php(618): CodeIgniter\Model->doFindAll(0, 0)
#5 C:\Users\user\Documents\GitHub\Web_UKM_Polinela\app\Models\UKMModel.php(15): CodeIgniter\BaseModel->findAll()
#6 C:\Users\user\Documents\GitHub\Web_UKM_Polinela\app\Controllers\UKM.php(19): App\Models\UKMModel->getAllData()
#7 C:\Users\user\Documents\GitHub\Web_UKM_Polinela\system\CodeIgniter.php(934): App\Controllers\UKM->home()
#8 C:\Users\user\Documents\GitHub\Web_UKM_Polinela\system\CodeIgniter.php(499): CodeIgniter\CodeIgniter->runController(Object(App\Controllers\UKM))
#9 C:\Users\user\Documents\GitHub\Web_UKM_Polinela\system\CodeIgniter.php(368): CodeIgniter\CodeIgniter->handleRequest(NULL, Object(Config\Cache), false)
#10 C:\Users\user\Documents\GitHub\Web_UKM_Polinela\public\index.php(67): CodeIgniter\CodeIgniter->run()
#11 C:\Users\user\Documents\GitHub\Web_UKM_Polinela\system\Commands\Server\rewrite.php(47): require_once('C:\\Users\\user\\D...')
#12 {main}
CRITICAL - 2023-07-11 14:14:13 --> Unable to connect to the database.
Main connection [MySQLi]: No connection could be made because the target machine actively refused it.

in SYSTEMPATH\Database\BaseConnection.php on line 427.
 1 SYSTEMPATH\Database\BaseConnection.php(574): CodeIgniter\Database\BaseConnection->initialize()
 2 SYSTEMPATH\Database\BaseBuilder.php(1616): CodeIgniter\Database\BaseConnection->query('SELECT *
FROM `tb_ukm`', [], false)
 3 SYSTEMPATH\Model.php(241): CodeIgniter\Database\BaseBuilder->get()
 4 SYSTEMPATH\BaseModel.php(618): CodeIgniter\Model->doFindAll(0, 0)
 5 APPPATH\Models\UKMModel.php(15): CodeIgniter\BaseModel->findAll()
 6 APPPATH\Controllers\UKM.php(19): App\Models\UKMModel->getAllData()
 7 SYSTEMPATH\CodeIgniter.php(934): App\Controllers\UKM->home()
 8 SYSTEMPATH\CodeIgniter.php(499): CodeIgniter\CodeIgniter->runController(Object(App\Controllers\UKM))
 9 SYSTEMPATH\CodeIgniter.php(368): CodeIgniter\CodeIgniter->handleRequest(null, Object(Config\Cache), false)
10 FCPATH\index.php(67): CodeIgniter\CodeIgniter->run()
11 SYSTEMPATH\Commands\Server\rewrite.php(47): require_once('C:\\Users\\user\\Documents\\GitHub\\Web_UKM_Polinela\\public\\index.php')
INFO - 2023-07-11 14:14:31 --> Session: Class initialized using 'CodeIgniter\Session\Handlers\FileHandler' driver.
