INFO - 2023-07-16 00:53:12 --> Session: Class initialized using 'CodeIgniter\Session\Handlers\FileHandler' driver.
INFO - 2023-07-16 01:00:36 --> Session: Class initialized using 'CodeIgniter\Session\Handlers\FileHandler' driver.
INFO - 2023-07-16 01:00:48 --> Session: Class initialized using 'CodeIgniter\Session\Handlers\FileHandler' driver.
INFO - 2023-07-16 01:00:48 --> Session: Class initialized using 'CodeIgniter\Session\Handlers\FileHandler' driver.
CRITICAL - 2023-07-16 01:00:48 --> Undefined index: id_ukm
in APPPATH\Views\update.php on line 24.
 1 APPPATH\Views\update.php(24): CodeIgniter\Debug\Exceptions->errorHandler(8, 'Undefined index: id_ukm', 'C:\\Users\\user\\Documents\\GitHub\\Web_UKM_Polinela\\app\\Views\\update.php', 24, [...])
 2 SYSTEMPATH\View\View.php(213): include('C:\\Users\\user\\Documents\\GitHub\\Web_UKM_Polinela\\app\\Views\\update.php')
 3 SYSTEMPATH\View\View.php(216): CodeIgniter\View\View->CodeIgniter\View\{closure}()
 4 SYSTEMPATH\Common.php(1184): CodeIgniter\View\View->render('update', [], true)
 5 APPPATH\Controllers\UKM.php(52): view('update', [...])
 6 SYSTEMPATH\CodeIgniter.php(934): App\Controllers\UKM->update('css', 'styles.css')
 7 SYSTEMPATH\CodeIgniter.php(499): CodeIgniter\CodeIgniter->runController(Object(App\Controllers\UKM))
 8 SYSTEMPATH\CodeIgniter.php(368): CodeIgniter\CodeIgniter->handleRequest(null, Object(Config\Cache), false)
 9 FCPATH\index.php(67): CodeIgniter\CodeIgniter->run()
10 SYSTEMPATH\Commands\Server\rewrite.php(47): require_once('C:\\Users\\user\\Documents\\GitHub\\Web_UKM_Polinela\\public\\index.php')
INFO - 2023-07-16 01:00:48 --> Session: Class initialized using 'CodeIgniter\Session\Handlers\FileHandler' driver.
CRITICAL - 2023-07-16 01:00:48 --> Undefined index: id_ukm
in APPPATH\Views\update.php on line 24.
 1 APPPATH\Views\update.php(24): CodeIgniter\Debug\Exceptions->errorHandler(8, 'Undefined index: id_ukm', 'C:\\Users\\user\\Documents\\GitHub\\Web_UKM_Polinela\\app\\Views\\update.php', 24, [...])
 2 SYSTEMPATH\View\View.php(213): include('C:\\Users\\user\\Documents\\GitHub\\Web_UKM_Polinela\\app\\Views\\update.php')
 3 SYSTEMPATH\View\View.php(216): CodeIgniter\View\View->CodeIgniter\View\{closure}()
 4 SYSTEMPATH\Common.php(1184): CodeIgniter\View\View->render('update', [], true)
 5 APPPATH\Controllers\UKM.php(52): view('update', [...])
 6 SYSTEMPATH\CodeIgniter.php(934): App\Controllers\UKM->update('js', 'scripts.js')
 7 SYSTEMPATH\CodeIgniter.php(499): CodeIgniter\CodeIgniter->runController(Object(App\Controllers\UKM))
 8 SYSTEMPATH\CodeIgniter.php(368): CodeIgniter\CodeIgniter->handleRequest(null, Object(Config\Cache), false)
 9 FCPATH\index.php(67): CodeIgniter\CodeIgniter->run()
10 SYSTEMPATH\Commands\Server\rewrite.php(47): require_once('C:\\Users\\user\\Documents\\GitHub\\Web_UKM_Polinela\\public\\index.php')
INFO - 2023-07-16 01:00:49 --> Session: Class initialized using 'CodeIgniter\Session\Handlers\FileHandler' driver.
CRITICAL - 2023-07-16 01:00:49 --> Undefined index: id_ukm
in APPPATH\Views\update.php on line 24.
 1 APPPATH\Views\update.php(24): CodeIgniter\Debug\Exceptions->errorHandler(8, 'Undefined index: id_ukm', 'C:\\Users\\user\\Documents\\GitHub\\Web_UKM_Polinela\\app\\Views\\update.php', 24, [...])
 2 SYSTEMPATH\View\View.php(213): include('C:\\Users\\user\\Documents\\GitHub\\Web_UKM_Polinela\\app\\Views\\update.php')
 3 SYSTEMPATH\View\View.php(216): CodeIgniter\View\View->CodeIgniter\View\{closure}()
 4 SYSTEMPATH\Common.php(1184): CodeIgniter\View\View->render('update', [], true)
 5 APPPATH\Controllers\UKM.php(52): view('update', [...])
 6 SYSTEMPATH\CodeIgniter.php(934): App\Controllers\UKM->update('assets', 'favicon.ico')
 7 SYSTEMPATH\CodeIgniter.php(499): CodeIgniter\CodeIgniter->runController(Object(App\Controllers\UKM))
 8 SYSTEMPATH\CodeIgniter.php(368): CodeIgniter\CodeIgniter->handleRequest(null, Object(Config\Cache), false)
 9 FCPATH\index.php(67): CodeIgniter\CodeIgniter->run()
10 SYSTEMPATH\Commands\Server\rewrite.php(47): require_once('C:\\Users\\user\\Documents\\GitHub\\Web_UKM_Polinela\\public\\index.php')
INFO - 2023-07-16 01:00:56 --> Session: Class initialized using 'CodeIgniter\Session\Handlers\FileHandler' driver.
INFO - 2023-07-16 01:01:03 --> Session: Class initialized using 'CodeIgniter\Session\Handlers\FileHandler' driver.
INFO - 2023-07-16 01:01:03 --> Session: Class initialized using 'CodeIgniter\Session\Handlers\FileHandler' driver.
CRITICAL - 2023-07-16 01:01:03 --> Undefined index: id_ukm
in APPPATH\Views\update.php on line 24.
 1 APPPATH\Views\update.php(24): CodeIgniter\Debug\Exceptions->errorHandler(8, 'Undefined index: id_ukm', 'C:\\Users\\user\\Documents\\GitHub\\Web_UKM_Polinela\\app\\Views\\update.php', 24, [...])
 2 SYSTEMPATH\View\View.php(213): include('C:\\Users\\user\\Documents\\GitHub\\Web_UKM_Polinela\\app\\Views\\update.php')
 3 SYSTEMPATH\View\View.php(216): CodeIgniter\View\View->CodeIgniter\View\{closure}()
 4 SYSTEMPATH\Common.php(1184): CodeIgniter\View\View->render('update', [], true)
 5 APPPATH\Controllers\UKM.php(52): view('update', [...])
 6 SYSTEMPATH\CodeIgniter.php(934): App\Controllers\UKM->update('css', 'styles.css')
 7 SYSTEMPATH\CodeIgniter.php(499): CodeIgniter\CodeIgniter->runController(Object(App\Controllers\UKM))
 8 SYSTEMPATH\CodeIgniter.php(368): CodeIgniter\CodeIgniter->handleRequest(null, Object(Config\Cache), false)
 9 FCPATH\index.php(67): CodeIgniter\CodeIgniter->run()
10 SYSTEMPATH\Commands\Server\rewrite.php(47): require_once('C:\\Users\\user\\Documents\\GitHub\\Web_UKM_Polinela\\public\\index.php')
INFO - 2023-07-16 01:01:03 --> Session: Class initialized using 'CodeIgniter\Session\Handlers\FileHandler' driver.
CRITICAL - 2023-07-16 01:01:03 --> Undefined index: id_ukm
in APPPATH\Views\update.php on line 24.
 1 APPPATH\Views\update.php(24): CodeIgniter\Debug\Exceptions->errorHandler(8, 'Undefined index: id_ukm', 'C:\\Users\\user\\Documents\\GitHub\\Web_UKM_Polinela\\app\\Views\\update.php', 24, [...])
 2 SYSTEMPATH\View\View.php(213): include('C:\\Users\\user\\Documents\\GitHub\\Web_UKM_Polinela\\app\\Views\\update.php')
 3 SYSTEMPATH\View\View.php(216): CodeIgniter\View\View->CodeIgniter\View\{closure}()
 4 SYSTEMPATH\Common.php(1184): CodeIgniter\View\View->render('update', [], true)
 5 APPPATH\Controllers\UKM.php(52): view('update', [...])
 6 SYSTEMPATH\CodeIgniter.php(934): App\Controllers\UKM->update('js', 'scripts.js')
 7 SYSTEMPATH\CodeIgniter.php(499): CodeIgniter\CodeIgniter->runController(Object(App\Controllers\UKM))
 8 SYSTEMPATH\CodeIgniter.php(368): CodeIgniter\CodeIgniter->handleRequest(null, Object(Config\Cache), false)
 9 FCPATH\index.php(67): CodeIgniter\CodeIgniter->run()
10 SYSTEMPATH\Commands\Server\rewrite.php(47): require_once('C:\\Users\\user\\Documents\\GitHub\\Web_UKM_Polinela\\public\\index.php')
INFO - 2023-07-16 01:01:03 --> Session: Class initialized using 'CodeIgniter\Session\Handlers\FileHandler' driver.
CRITICAL - 2023-07-16 01:01:03 --> Undefined index: id_ukm
in APPPATH\Views\update.php on line 24.
 1 APPPATH\Views\update.php(24): CodeIgniter\Debug\Exceptions->errorHandler(8, 'Undefined index: id_ukm', 'C:\\Users\\user\\Documents\\GitHub\\Web_UKM_Polinela\\app\\Views\\update.php', 24, [...])
 2 SYSTEMPATH\View\View.php(213): include('C:\\Users\\user\\Documents\\GitHub\\Web_UKM_Polinela\\app\\Views\\update.php')
 3 SYSTEMPATH\View\View.php(216): CodeIgniter\View\View->CodeIgniter\View\{closure}()
 4 SYSTEMPATH\Common.php(1184): CodeIgniter\View\View->render('update', [], true)
 5 APPPATH\Controllers\UKM.php(52): view('update', [...])
 6 SYSTEMPATH\CodeIgniter.php(934): App\Controllers\UKM->update('assets', 'favicon.ico')
 7 SYSTEMPATH\CodeIgniter.php(499): CodeIgniter\CodeIgniter->runController(Object(App\Controllers\UKM))
 8 SYSTEMPATH\CodeIgniter.php(368): CodeIgniter\CodeIgniter->handleRequest(null, Object(Config\Cache), false)
 9 FCPATH\index.php(67): CodeIgniter\CodeIgniter->run()
10 SYSTEMPATH\Commands\Server\rewrite.php(47): require_once('C:\\Users\\user\\Documents\\GitHub\\Web_UKM_Polinela\\public\\index.php')
INFO - 2023-07-16 01:01:05 --> Session: Class initialized using 'CodeIgniter\Session\Handlers\FileHandler' driver.
INFO - 2023-07-16 01:02:30 --> Session: Class initialized using 'CodeIgniter\Session\Handlers\FileHandler' driver.
INFO - 2023-07-16 01:03:43 --> Session: Class initialized using 'CodeIgniter\Session\Handlers\FileHandler' driver.
INFO - 2023-07-16 01:03:47 --> Session: Class initialized using 'CodeIgniter\Session\Handlers\FileHandler' driver.
INFO - 2023-07-16 01:04:52 --> Session: Class initialized using 'CodeIgniter\Session\Handlers\FileHandler' driver.
INFO - 2023-07-16 01:04:53 --> Session: Class initialized using 'CodeIgniter\Session\Handlers\FileHandler' driver.
INFO - 2023-07-16 01:04:54 --> Session: Class initialized using 'CodeIgniter\Session\Handlers\FileHandler' driver.
INFO - 2023-07-16 01:05:11 --> Session: Class initialized using 'CodeIgniter\Session\Handlers\FileHandler' driver.
INFO - 2023-07-16 01:05:12 --> Session: Class initialized using 'CodeIgniter\Session\Handlers\FileHandler' driver.
INFO - 2023-07-16 01:05:13 --> Session: Class initialized using 'CodeIgniter\Session\Handlers\FileHandler' driver.
INFO - 2023-07-16 01:05:14 --> Session: Class initialized using 'CodeIgniter\Session\Handlers\FileHandler' driver.
INFO - 2023-07-16 01:05:15 --> Session: Class initialized using 'CodeIgniter\Session\Handlers\FileHandler' driver.
INFO - 2023-07-16 01:18:22 --> Session: Class initialized using 'CodeIgniter\Session\Handlers\FileHandler' driver.
INFO - 2023-07-16 01:18:26 --> Session: Class initialized using 'CodeIgniter\Session\Handlers\FileHandler' driver.
INFO - 2023-07-16 01:19:36 --> Session: Class initialized using 'CodeIgniter\Session\Handlers\FileHandler' driver.
CRITICAL - 2023-07-16 01:19:41 --> delete(): argument #1 ($id) should not be boolean.
in SYSTEMPATH\BaseModel.php on line 1045.
 1 APPPATH\Controllers\UKM.php(59): CodeIgniter\BaseModel->delete(false)
 2 SYSTEMPATH\CodeIgniter.php(934): App\Controllers\UKM->destroy('8')
 3 SYSTEMPATH\CodeIgniter.php(499): CodeIgniter\CodeIgniter->runController(Object(App\Controllers\UKM))
 4 SYSTEMPATH\CodeIgniter.php(368): CodeIgniter\CodeIgniter->handleRequest(null, Object(Config\Cache), false)
 5 FCPATH\index.php(67): CodeIgniter\CodeIgniter->run()
 6 SYSTEMPATH\Commands\Server\rewrite.php(47): require_once('C:\\Users\\user\\Documents\\GitHub\\Web_UKM_Polinela\\public\\index.php')
CRITICAL - 2023-07-16 01:20:10 --> delete(): argument #1 ($id) should not be boolean.
in SYSTEMPATH\BaseModel.php on line 1045.
 1 APPPATH\Controllers\UKM.php(59): CodeIgniter\BaseModel->delete(false)
 2 SYSTEMPATH\CodeIgniter.php(934): App\Controllers\UKM->destroy('8')
 3 SYSTEMPATH\CodeIgniter.php(499): CodeIgniter\CodeIgniter->runController(Object(App\Controllers\UKM))
 4 SYSTEMPATH\CodeIgniter.php(368): CodeIgniter\CodeIgniter->handleRequest(null, Object(Config\Cache), false)
 5 FCPATH\index.php(67): CodeIgniter\CodeIgniter->run()
 6 SYSTEMPATH\Commands\Server\rewrite.php(47): require_once('C:\\Users\\user\\Documents\\GitHub\\Web_UKM_Polinela\\public\\index.php')
CRITICAL - 2023-07-16 01:20:11 --> delete(): argument #1 ($id) should not be boolean.
in SYSTEMPATH\BaseModel.php on line 1045.
 1 APPPATH\Controllers\UKM.php(59): CodeIgniter\BaseModel->delete(false)
 2 SYSTEMPATH\CodeIgniter.php(934): App\Controllers\UKM->destroy('8')
 3 SYSTEMPATH\CodeIgniter.php(499): CodeIgniter\CodeIgniter->runController(Object(App\Controllers\UKM))
 4 SYSTEMPATH\CodeIgniter.php(368): CodeIgniter\CodeIgniter->handleRequest(null, Object(Config\Cache), false)
 5 FCPATH\index.php(67): CodeIgniter\CodeIgniter->run()
 6 SYSTEMPATH\Commands\Server\rewrite.php(47): require_once('C:\\Users\\user\\Documents\\GitHub\\Web_UKM_Polinela\\public\\index.php')
CRITICAL - 2023-07-16 01:20:12 --> delete(): argument #1 ($id) should not be boolean.
in SYSTEMPATH\BaseModel.php on line 1045.
 1 APPPATH\Controllers\UKM.php(59): CodeIgniter\BaseModel->delete(false)
 2 SYSTEMPATH\CodeIgniter.php(934): App\Controllers\UKM->destroy('8')
 3 SYSTEMPATH\CodeIgniter.php(499): CodeIgniter\CodeIgniter->runController(Object(App\Controllers\UKM))
 4 SYSTEMPATH\CodeIgniter.php(368): CodeIgniter\CodeIgniter->handleRequest(null, Object(Config\Cache), false)
 5 FCPATH\index.php(67): CodeIgniter\CodeIgniter->run()
 6 SYSTEMPATH\Commands\Server\rewrite.php(47): require_once('C:\\Users\\user\\Documents\\GitHub\\Web_UKM_Polinela\\public\\index.php')
INFO - 2023-07-16 01:20:14 --> Session: Class initialized using 'CodeIgniter\Session\Handlers\FileHandler' driver.
INFO - 2023-07-16 01:22:32 --> Session: Class initialized using 'CodeIgniter\Session\Handlers\FileHandler' driver.
INFO - 2023-07-16 01:22:53 --> Session: Class initialized using 'CodeIgniter\Session\Handlers\FileHandler' driver.
INFO - 2023-07-16 01:23:30 --> Session: Class initialized using 'CodeIgniter\Session\Handlers\FileHandler' driver.
INFO - 2023-07-16 01:25:40 --> Session: Class initialized using 'CodeIgniter\Session\Handlers\FileHandler' driver.
INFO - 2023-07-16 01:25:42 --> Session: Class initialized using 'CodeIgniter\Session\Handlers\FileHandler' driver.
INFO - 2023-07-16 01:26:00 --> Session: Class initialized using 'CodeIgniter\Session\Handlers\FileHandler' driver.
INFO - 2023-07-16 01:26:10 --> Session: Class initialized using 'CodeIgniter\Session\Handlers\FileHandler' driver.
INFO - 2023-07-16 01:26:13 --> Session: Class initialized using 'CodeIgniter\Session\Handlers\FileHandler' driver.
INFO - 2023-07-16 01:26:13 --> Session: Class initialized using 'CodeIgniter\Session\Handlers\FileHandler' driver.
CRITICAL - 2023-07-16 01:26:13 --> Undefined index: id_ukm
in APPPATH\Views\update.php on line 24.
 1 APPPATH\Views\update.php(24): CodeIgniter\Debug\Exceptions->errorHandler(8, 'Undefined index: id_ukm', 'C:\\Users\\user\\Documents\\GitHub\\Web_UKM_Polinela\\app\\Views\\update.php', 24, [...])
 2 SYSTEMPATH\View\View.php(213): include('C:\\Users\\user\\Documents\\GitHub\\Web_UKM_Polinela\\app\\Views\\update.php')
 3 SYSTEMPATH\View\View.php(216): CodeIgniter\View\View->CodeIgniter\View\{closure}()
 4 SYSTEMPATH\Common.php(1184): CodeIgniter\View\View->render('update', [], true)
 5 APPPATH\Controllers\UKM.php(52): view('update', [...])
 6 SYSTEMPATH\CodeIgniter.php(934): App\Controllers\UKM->update('css', 'styles.css')
 7 SYSTEMPATH\CodeIgniter.php(499): CodeIgniter\CodeIgniter->runController(Object(App\Controllers\UKM))
 8 SYSTEMPATH\CodeIgniter.php(368): CodeIgniter\CodeIgniter->handleRequest(null, Object(Config\Cache), false)
 9 FCPATH\index.php(67): CodeIgniter\CodeIgniter->run()
10 SYSTEMPATH\Commands\Server\rewrite.php(47): require_once('C:\\Users\\user\\Documents\\GitHub\\Web_UKM_Polinela\\public\\index.php')
INFO - 2023-07-16 01:26:13 --> Session: Class initialized using 'CodeIgniter\Session\Handlers\FileHandler' driver.
CRITICAL - 2023-07-16 01:26:13 --> Undefined index: id_ukm
in APPPATH\Views\update.php on line 24.
 1 APPPATH\Views\update.php(24): CodeIgniter\Debug\Exceptions->errorHandler(8, 'Undefined index: id_ukm', 'C:\\Users\\user\\Documents\\GitHub\\Web_UKM_Polinela\\app\\Views\\update.php', 24, [...])
 2 SYSTEMPATH\View\View.php(213): include('C:\\Users\\user\\Documents\\GitHub\\Web_UKM_Polinela\\app\\Views\\update.php')
 3 SYSTEMPATH\View\View.php(216): CodeIgniter\View\View->CodeIgniter\View\{closure}()
 4 SYSTEMPATH\Common.php(1184): CodeIgniter\View\View->render('update', [], true)
 5 APPPATH\Controllers\UKM.php(52): view('update', [...])
 6 SYSTEMPATH\CodeIgniter.php(934): App\Controllers\UKM->update('js', 'scripts.js')
 7 SYSTEMPATH\CodeIgniter.php(499): CodeIgniter\CodeIgniter->runController(Object(App\Controllers\UKM))
 8 SYSTEMPATH\CodeIgniter.php(368): CodeIgniter\CodeIgniter->handleRequest(null, Object(Config\Cache), false)
 9 FCPATH\index.php(67): CodeIgniter\CodeIgniter->run()
10 SYSTEMPATH\Commands\Server\rewrite.php(47): require_once('C:\\Users\\user\\Documents\\GitHub\\Web_UKM_Polinela\\public\\index.php')
INFO - 2023-07-16 01:26:13 --> Session: Class initialized using 'CodeIgniter\Session\Handlers\FileHandler' driver.
CRITICAL - 2023-07-16 01:26:13 --> Undefined index: id_ukm
in APPPATH\Views\update.php on line 24.
 1 APPPATH\Views\update.php(24): CodeIgniter\Debug\Exceptions->errorHandler(8, 'Undefined index: id_ukm', 'C:\\Users\\user\\Documents\\GitHub\\Web_UKM_Polinela\\app\\Views\\update.php', 24, [...])
 2 SYSTEMPATH\View\View.php(213): include('C:\\Users\\user\\Documents\\GitHub\\Web_UKM_Polinela\\app\\Views\\update.php')
 3 SYSTEMPATH\View\View.php(216): CodeIgniter\View\View->CodeIgniter\View\{closure}()
 4 SYSTEMPATH\Common.php(1184): CodeIgniter\View\View->render('update', [], true)
 5 APPPATH\Controllers\UKM.php(52): view('update', [...])
 6 SYSTEMPATH\CodeIgniter.php(934): App\Controllers\UKM->update('assets', 'favicon.ico')
 7 SYSTEMPATH\CodeIgniter.php(499): CodeIgniter\CodeIgniter->runController(Object(App\Controllers\UKM))
 8 SYSTEMPATH\CodeIgniter.php(368): CodeIgniter\CodeIgniter->handleRequest(null, Object(Config\Cache), false)
 9 FCPATH\index.php(67): CodeIgniter\CodeIgniter->run()
10 SYSTEMPATH\Commands\Server\rewrite.php(47): require_once('C:\\Users\\user\\Documents\\GitHub\\Web_UKM_Polinela\\public\\index.php')
INFO - 2023-07-16 01:26:15 --> Session: Class initialized using 'CodeIgniter\Session\Handlers\FileHandler' driver.
CRITICAL - 2023-07-16 01:26:19 --> delete(): argument #1 ($id) should not be boolean.
in SYSTEMPATH\BaseModel.php on line 1045.
 1 APPPATH\Controllers\UKM.php(59): CodeIgniter\BaseModel->delete(false)
 2 SYSTEMPATH\CodeIgniter.php(934): App\Controllers\UKM->destroy('8')
 3 SYSTEMPATH\CodeIgniter.php(499): CodeIgniter\CodeIgniter->runController(Object(App\Controllers\UKM))
 4 SYSTEMPATH\CodeIgniter.php(368): CodeIgniter\CodeIgniter->handleRequest(null, Object(Config\Cache), false)
 5 FCPATH\index.php(67): CodeIgniter\CodeIgniter->run()
 6 SYSTEMPATH\Commands\Server\rewrite.php(47): require_once('C:\\Users\\user\\Documents\\GitHub\\Web_UKM_Polinela\\public\\index.php')
INFO - 2023-07-16 01:26:24 --> Session: Class initialized using 'CodeIgniter\Session\Handlers\FileHandler' driver.
INFO - 2023-07-16 01:27:17 --> Session: Class initialized using 'CodeIgniter\Session\Handlers\FileHandler' driver.
ERROR - 2023-07-16 01:27:21 --> mysqli_sql_exception: Cannot delete or update a parent row: a foreign key constraint fails (`db_ukm`.`tb_kontak`, CONSTRAINT `tb_kontak_ibfk_1` FOREIGN KEY (`id_ukm`) REFERENCES `tb_ukm` (`id_ukm`)) in C:\Users\user\Documents\GitHub\Web_UKM_Polinela\system\Database\MySQLi\Connection.php:295
Stack trace:
#0 C:\Users\user\Documents\GitHub\Web_UKM_Polinela\system\Database\MySQLi\Connection.php(295): mysqli->query('DELETE FROM `tb...', 0)
#1 C:\Users\user\Documents\GitHub\Web_UKM_Polinela\system\Database\BaseConnection.php(692): CodeIgniter\Database\MySQLi\Connection->execute('DELETE FROM `tb...')
#2 C:\Users\user\Documents\GitHub\Web_UKM_Polinela\system\Database\BaseConnection.php(606): CodeIgniter\Database\BaseConnection->simpleQuery('DELETE FROM `tb...')
#3 C:\Users\user\Documents\GitHub\Web_UKM_Polinela\system\Database\BaseBuilder.php(2791): CodeIgniter\Database\BaseConnection->query('DELETE FROM `tb...', Array, false)
#4 C:\Users\user\Documents\GitHub\Web_UKM_Polinela\system\Model.php(456): CodeIgniter\Database\BaseBuilder->delete()
#5 C:\Users\user\Documents\GitHub\Web_UKM_Polinela\system\BaseModel.php(1065): CodeIgniter\Model->doDelete(Array, false)
#6 C:\Users\user\Documents\GitHub\Web_UKM_Polinela\app\Controllers\UKM.php(59): CodeIgniter\BaseModel->delete(Array)
#7 C:\Users\user\Documents\GitHub\Web_UKM_Polinela\system\CodeIgniter.php(934): App\Controllers\UKM->destroy('OEl4NmNKZGNUY2N...')
#8 C:\Users\user\Documents\GitHub\Web_UKM_Polinela\system\CodeIgniter.php(499): CodeIgniter\CodeIgniter->runController(Object(App\Controllers\UKM))
#9 C:\Users\user\Documents\GitHub\Web_UKM_Polinela\system\CodeIgniter.php(368): CodeIgniter\CodeIgniter->handleRequest(NULL, Object(Config\Cache), false)
#10 C:\Users\user\Documents\GitHub\Web_UKM_Polinela\public\index.php(67): CodeIgniter\CodeIgniter->run()
#11 C:\Users\user\Documents\GitHub\Web_UKM_Polinela\system\Commands\Server\rewrite.php(47): require_once('C:\\Users\\user\\D...')
#12 {main}
CRITICAL - 2023-07-16 01:27:21 --> Cannot delete or update a parent row: a foreign key constraint fails (`db_ukm`.`tb_kontak`, CONSTRAINT `tb_kontak_ibfk_1` FOREIGN KEY (`id_ukm`) REFERENCES `tb_ukm` (`id_ukm`))
in SYSTEMPATH\Database\MySQLi\Connection.php on line 295.
 1 SYSTEMPATH\Database\MySQLi\Connection.php(295): mysqli->query('DELETE FROM `tb_ukm`
WHERE `id_ukm` IN (\'8\')', 0)
 2 SYSTEMPATH\Database\BaseConnection.php(692): CodeIgniter\Database\MySQLi\Connection->execute('DELETE FROM `tb_ukm`
WHERE `id_ukm` IN (\'8\')')
 3 SYSTEMPATH\Database\BaseConnection.php(606): CodeIgniter\Database\BaseConnection->simpleQuery('DELETE FROM `tb_ukm`
WHERE `id_ukm` IN (\'8\')')
 4 SYSTEMPATH\Database\BaseBuilder.php(2791): CodeIgniter\Database\BaseConnection->query('DELETE FROM `tb_ukm`
WHERE `id_ukm` IN :id_ukm:', [...], false)
 5 SYSTEMPATH\Model.php(456): CodeIgniter\Database\BaseBuilder->delete()
 6 SYSTEMPATH\BaseModel.php(1065): CodeIgniter\Model->doDelete([...], false)
 7 APPPATH\Controllers\UKM.php(59): CodeIgniter\BaseModel->delete([...])
 8 SYSTEMPATH\CodeIgniter.php(934): App\Controllers\UKM->destroy('OEl4NmNKZGNUY2NlOFQxU0w1aWlrQT09')
 9 SYSTEMPATH\CodeIgniter.php(499): CodeIgniter\CodeIgniter->runController(Object(App\Controllers\UKM))
10 SYSTEMPATH\CodeIgniter.php(368): CodeIgniter\CodeIgniter->handleRequest(null, Object(Config\Cache), false)
11 FCPATH\index.php(67): CodeIgniter\CodeIgniter->run()
12 SYSTEMPATH\Commands\Server\rewrite.php(47): require_once('C:\\Users\\user\\Documents\\GitHub\\Web_UKM_Polinela\\public\\index.php')
INFO - 2023-07-16 01:28:39 --> Session: Class initialized using 'CodeIgniter\Session\Handlers\FileHandler' driver.
INFO - 2023-07-16 01:28:40 --> Session: Class initialized using 'CodeIgniter\Session\Handlers\FileHandler' driver.
ERROR - 2023-07-16 01:28:45 --> mysqli_sql_exception: Cannot delete or update a parent row: a foreign key constraint fails (`db_ukm`.`tb_kontak`, CONSTRAINT `tb_kontak_ibfk_1` FOREIGN KEY (`id_ukm`) REFERENCES `tb_ukm` (`id_ukm`)) in C:\Users\user\Documents\GitHub\Web_UKM_Polinela\system\Database\MySQLi\Connection.php:295
Stack trace:
#0 C:\Users\user\Documents\GitHub\Web_UKM_Polinela\system\Database\MySQLi\Connection.php(295): mysqli->query('DELETE FROM `tb...', 0)
#1 C:\Users\user\Documents\GitHub\Web_UKM_Polinela\system\Database\BaseConnection.php(692): CodeIgniter\Database\MySQLi\Connection->execute('DELETE FROM `tb...')
#2 C:\Users\user\Documents\GitHub\Web_UKM_Polinela\system\Database\BaseConnection.php(606): CodeIgniter\Database\BaseConnection->simpleQuery('DELETE FROM `tb...')
#3 C:\Users\user\Documents\GitHub\Web_UKM_Polinela\system\Database\BaseBuilder.php(2791): CodeIgniter\Database\BaseConnection->query('DELETE FROM `tb...', Array, false)
#4 C:\Users\user\Documents\GitHub\Web_UKM_Polinela\system\Model.php(456): CodeIgniter\Database\BaseBuilder->delete()
#5 C:\Users\user\Documents\GitHub\Web_UKM_Polinela\system\BaseModel.php(1065): CodeIgniter\Model->doDelete(Array, false)
#6 C:\Users\user\Documents\GitHub\Web_UKM_Polinela\app\Controllers\UKM.php(59): CodeIgniter\BaseModel->delete(Array)
#7 C:\Users\user\Documents\GitHub\Web_UKM_Polinela\system\CodeIgniter.php(934): App\Controllers\UKM->destroy('OEl4NmNKZGNUY2N...')
#8 C:\Users\user\Documents\GitHub\Web_UKM_Polinela\system\CodeIgniter.php(499): CodeIgniter\CodeIgniter->runController(Object(App\Controllers\UKM))
#9 C:\Users\user\Documents\GitHub\Web_UKM_Polinela\system\CodeIgniter.php(368): CodeIgniter\CodeIgniter->handleRequest(NULL, Object(Config\Cache), false)
#10 C:\Users\user\Documents\GitHub\Web_UKM_Polinela\public\index.php(67): CodeIgniter\CodeIgniter->run()
#11 C:\Users\user\Documents\GitHub\Web_UKM_Polinela\system\Commands\Server\rewrite.php(47): require_once('C:\\Users\\user\\D...')
#12 {main}
CRITICAL - 2023-07-16 01:28:45 --> Cannot delete or update a parent row: a foreign key constraint fails (`db_ukm`.`tb_kontak`, CONSTRAINT `tb_kontak_ibfk_1` FOREIGN KEY (`id_ukm`) REFERENCES `tb_ukm` (`id_ukm`))
in SYSTEMPATH\Database\MySQLi\Connection.php on line 295.
 1 SYSTEMPATH\Database\MySQLi\Connection.php(295): mysqli->query('DELETE FROM `tb_ukm`
WHERE `id_ukm` IN (\'8\')', 0)
 2 SYSTEMPATH\Database\BaseConnection.php(692): CodeIgniter\Database\MySQLi\Connection->execute('DELETE FROM `tb_ukm`
WHERE `id_ukm` IN (\'8\')')
 3 SYSTEMPATH\Database\BaseConnection.php(606): CodeIgniter\Database\BaseConnection->simpleQuery('DELETE FROM `tb_ukm`
WHERE `id_ukm` IN (\'8\')')
 4 SYSTEMPATH\Database\BaseBuilder.php(2791): CodeIgniter\Database\BaseConnection->query('DELETE FROM `tb_ukm`
WHERE `id_ukm` IN :id_ukm:', [...], false)
 5 SYSTEMPATH\Model.php(456): CodeIgniter\Database\BaseBuilder->delete()
 6 SYSTEMPATH\BaseModel.php(1065): CodeIgniter\Model->doDelete([...], false)
 7 APPPATH\Controllers\UKM.php(59): CodeIgniter\BaseModel->delete([...])
 8 SYSTEMPATH\CodeIgniter.php(934): App\Controllers\UKM->destroy('OEl4NmNKZGNUY2NlOFQxU0w1aWlrQT09')
 9 SYSTEMPATH\CodeIgniter.php(499): CodeIgniter\CodeIgniter->runController(Object(App\Controllers\UKM))
10 SYSTEMPATH\CodeIgniter.php(368): CodeIgniter\CodeIgniter->handleRequest(null, Object(Config\Cache), false)
11 FCPATH\index.php(67): CodeIgniter\CodeIgniter->run()
12 SYSTEMPATH\Commands\Server\rewrite.php(47): require_once('C:\\Users\\user\\Documents\\GitHub\\Web_UKM_Polinela\\public\\index.php')
INFO - 2023-07-16 01:29:02 --> Session: Class initialized using 'CodeIgniter\Session\Handlers\FileHandler' driver.
ERROR - 2023-07-16 01:29:34 --> mysqli_sql_exception: Cannot delete or update a parent row: a foreign key constraint fails (`db_ukm`.`tb_kontak`, CONSTRAINT `tb_kontak_ibfk_1` FOREIGN KEY (`id_ukm`) REFERENCES `tb_ukm` (`id_ukm`)) in C:\Users\user\Documents\GitHub\Web_UKM_Polinela\system\Database\MySQLi\Connection.php:295
Stack trace:
#0 C:\Users\user\Documents\GitHub\Web_UKM_Polinela\system\Database\MySQLi\Connection.php(295): mysqli->query('DELETE FROM `tb...', 0)
#1 C:\Users\user\Documents\GitHub\Web_UKM_Polinela\system\Database\BaseConnection.php(692): CodeIgniter\Database\MySQLi\Connection->execute('DELETE FROM `tb...')
#2 C:\Users\user\Documents\GitHub\Web_UKM_Polinela\system\Database\BaseConnection.php(606): CodeIgniter\Database\BaseConnection->simpleQuery('DELETE FROM `tb...')
#3 C:\Users\user\Documents\GitHub\Web_UKM_Polinela\system\Database\BaseBuilder.php(2791): CodeIgniter\Database\BaseConnection->query('DELETE FROM `tb...', Array, false)
#4 C:\Users\user\Documents\GitHub\Web_UKM_Polinela\system\Model.php(456): CodeIgniter\Database\BaseBuilder->delete()
#5 C:\Users\user\Documents\GitHub\Web_UKM_Polinela\system\BaseModel.php(1065): CodeIgniter\Model->doDelete(Array, false)
#6 C:\Users\user\Documents\GitHub\Web_UKM_Polinela\app\Controllers\UKM.php(59): CodeIgniter\BaseModel->delete(Array)
#7 C:\Users\user\Documents\GitHub\Web_UKM_Polinela\system\CodeIgniter.php(934): App\Controllers\UKM->destroy('OEl4NmNKZGNUY2N...')
#8 C:\Users\user\Documents\GitHub\Web_UKM_Polinela\system\CodeIgniter.php(499): CodeIgniter\CodeIgniter->runController(Object(App\Controllers\UKM))
#9 C:\Users\user\Documents\GitHub\Web_UKM_Polinela\system\CodeIgniter.php(368): CodeIgniter\CodeIgniter->handleRequest(NULL, Object(Config\Cache), false)
#10 C:\Users\user\Documents\GitHub\Web_UKM_Polinela\public\index.php(67): CodeIgniter\CodeIgniter->run()
#11 C:\Users\user\Documents\GitHub\Web_UKM_Polinela\system\Commands\Server\rewrite.php(47): require_once('C:\\Users\\user\\D...')
#12 {main}
CRITICAL - 2023-07-16 01:29:34 --> Cannot delete or update a parent row: a foreign key constraint fails (`db_ukm`.`tb_kontak`, CONSTRAINT `tb_kontak_ibfk_1` FOREIGN KEY (`id_ukm`) REFERENCES `tb_ukm` (`id_ukm`))
in SYSTEMPATH\Database\MySQLi\Connection.php on line 295.
 1 SYSTEMPATH\Database\MySQLi\Connection.php(295): mysqli->query('DELETE FROM `tb_ukm`
WHERE `id_ukm` IN (\'8\')', 0)
 2 SYSTEMPATH\Database\BaseConnection.php(692): CodeIgniter\Database\MySQLi\Connection->execute('DELETE FROM `tb_ukm`
WHERE `id_ukm` IN (\'8\')')
 3 SYSTEMPATH\Database\BaseConnection.php(606): CodeIgniter\Database\BaseConnection->simpleQuery('DELETE FROM `tb_ukm`
WHERE `id_ukm` IN (\'8\')')
 4 SYSTEMPATH\Database\BaseBuilder.php(2791): CodeIgniter\Database\BaseConnection->query('DELETE FROM `tb_ukm`
WHERE `id_ukm` IN :id_ukm:', [...], false)
 5 SYSTEMPATH\Model.php(456): CodeIgniter\Database\BaseBuilder->delete()
 6 SYSTEMPATH\BaseModel.php(1065): CodeIgniter\Model->doDelete([...], false)
 7 APPPATH\Controllers\UKM.php(59): CodeIgniter\BaseModel->delete([...])
 8 SYSTEMPATH\CodeIgniter.php(934): App\Controllers\UKM->destroy('OEl4NmNKZGNUY2NlOFQxU0w1aWlrQT09')
 9 SYSTEMPATH\CodeIgniter.php(499): CodeIgniter\CodeIgniter->runController(Object(App\Controllers\UKM))
10 SYSTEMPATH\CodeIgniter.php(368): CodeIgniter\CodeIgniter->handleRequest(null, Object(Config\Cache), false)
11 FCPATH\index.php(67): CodeIgniter\CodeIgniter->run()
12 SYSTEMPATH\Commands\Server\rewrite.php(47): require_once('C:\\Users\\user\\Documents\\GitHub\\Web_UKM_Polinela\\public\\index.php')
INFO - 2023-07-16 01:30:22 --> Session: Class initialized using 'CodeIgniter\Session\Handlers\FileHandler' driver.
INFO - 2023-07-16 01:30:23 --> Session: Class initialized using 'CodeIgniter\Session\Handlers\FileHandler' driver.
INFO - 2023-07-16 01:30:58 --> Session: Class initialized using 'CodeIgniter\Session\Handlers\FileHandler' driver.
INFO - 2023-07-16 01:31:10 --> Session: Class initialized using 'CodeIgniter\Session\Handlers\FileHandler' driver.
INFO - 2023-07-16 01:41:33 --> Session: Class initialized using 'CodeIgniter\Session\Handlers\FileHandler' driver.
INFO - 2023-07-16 01:42:01 --> Session: Class initialized using 'CodeIgniter\Session\Handlers\FileHandler' driver.
ERROR - 2023-07-16 01:42:04 --> mysqli_sql_exception: Cannot delete or update a parent row: a foreign key constraint fails (`db_ukm`.`tb_kontak`, CONSTRAINT `tb_kontak_ibfk_1` FOREIGN KEY (`id_ukm`) REFERENCES `tb_ukm` (`id_ukm`)) in C:\Users\user\Documents\GitHub\Web_UKM_Polinela\system\Database\MySQLi\Connection.php:295
Stack trace:
#0 C:\Users\user\Documents\GitHub\Web_UKM_Polinela\system\Database\MySQLi\Connection.php(295): mysqli->query('DELETE FROM `tb...', 0)
#1 C:\Users\user\Documents\GitHub\Web_UKM_Polinela\system\Database\BaseConnection.php(692): CodeIgniter\Database\MySQLi\Connection->execute('DELETE FROM `tb...')
#2 C:\Users\user\Documents\GitHub\Web_UKM_Polinela\system\Database\BaseConnection.php(606): CodeIgniter\Database\BaseConnection->simpleQuery('DELETE FROM `tb...')
#3 C:\Users\user\Documents\GitHub\Web_UKM_Polinela\system\Database\BaseBuilder.php(2791): CodeIgniter\Database\BaseConnection->query('DELETE FROM `tb...', Array, false)
#4 C:\Users\user\Documents\GitHub\Web_UKM_Polinela\system\Model.php(456): CodeIgniter\Database\BaseBuilder->delete()
#5 C:\Users\user\Documents\GitHub\Web_UKM_Polinela\system\BaseModel.php(1065): CodeIgniter\Model->doDelete(Array, false)
#6 C:\Users\user\Documents\GitHub\Web_UKM_Polinela\app\Controllers\UKM.php(59): CodeIgniter\BaseModel->delete(Array)
#7 C:\Users\user\Documents\GitHub\Web_UKM_Polinela\system\CodeIgniter.php(934): App\Controllers\UKM->destroy('OEl4NmNKZGNUY2N...')
#8 C:\Users\user\Documents\GitHub\Web_UKM_Polinela\system\CodeIgniter.php(499): CodeIgniter\CodeIgniter->runController(Object(App\Controllers\UKM))
#9 C:\Users\user\Documents\GitHub\Web_UKM_Polinela\system\CodeIgniter.php(368): CodeIgniter\CodeIgniter->handleRequest(NULL, Object(Config\Cache), false)
#10 C:\Users\user\Documents\GitHub\Web_UKM_Polinela\public\index.php(67): CodeIgniter\CodeIgniter->run()
#11 C:\Users\user\Documents\GitHub\Web_UKM_Polinela\system\Commands\Server\rewrite.php(47): require_once('C:\\Users\\user\\D...')
#12 {main}
CRITICAL - 2023-07-16 01:42:04 --> Cannot delete or update a parent row: a foreign key constraint fails (`db_ukm`.`tb_kontak`, CONSTRAINT `tb_kontak_ibfk_1` FOREIGN KEY (`id_ukm`) REFERENCES `tb_ukm` (`id_ukm`))
in SYSTEMPATH\Database\MySQLi\Connection.php on line 295.
 1 SYSTEMPATH\Database\MySQLi\Connection.php(295): mysqli->query('DELETE FROM `tb_ukm`
WHERE `id_ukm` IN (\'8\')', 0)
 2 SYSTEMPATH\Database\BaseConnection.php(692): CodeIgniter\Database\MySQLi\Connection->execute('DELETE FROM `tb_ukm`
WHERE `id_ukm` IN (\'8\')')
 3 SYSTEMPATH\Database\BaseConnection.php(606): CodeIgniter\Database\BaseConnection->simpleQuery('DELETE FROM `tb_ukm`
WHERE `id_ukm` IN (\'8\')')
 4 SYSTEMPATH\Database\BaseBuilder.php(2791): CodeIgniter\Database\BaseConnection->query('DELETE FROM `tb_ukm`
WHERE `id_ukm` IN :id_ukm:', [...], false)
 5 SYSTEMPATH\Model.php(456): CodeIgniter\Database\BaseBuilder->delete()
 6 SYSTEMPATH\BaseModel.php(1065): CodeIgniter\Model->doDelete([...], false)
 7 APPPATH\Controllers\UKM.php(59): CodeIgniter\BaseModel->delete([...])
 8 SYSTEMPATH\CodeIgniter.php(934): App\Controllers\UKM->destroy('OEl4NmNKZGNUY2NlOFQxU0w1aWlrQT09')
 9 SYSTEMPATH\CodeIgniter.php(499): CodeIgniter\CodeIgniter->runController(Object(App\Controllers\UKM))
10 SYSTEMPATH\CodeIgniter.php(368): CodeIgniter\CodeIgniter->handleRequest(null, Object(Config\Cache), false)
11 FCPATH\index.php(67): CodeIgniter\CodeIgniter->run()
12 SYSTEMPATH\Commands\Server\rewrite.php(47): require_once('C:\\Users\\user\\Documents\\GitHub\\Web_UKM_Polinela\\public\\index.php')
INFO - 2023-07-16 01:43:30 --> Session: Class initialized using 'CodeIgniter\Session\Handlers\FileHandler' driver.
INFO - 2023-07-16 01:43:31 --> Session: Class initialized using 'CodeIgniter\Session\Handlers\FileHandler' driver.
ERROR - 2023-07-16 01:43:35 --> mysqli_sql_exception: Cannot delete or update a parent row: a foreign key constraint fails (`db_ukm`.`tb_kontak`, CONSTRAINT `tb_kontak_ibfk_1` FOREIGN KEY (`id_ukm`) REFERENCES `tb_ukm` (`id_ukm`)) in C:\Users\user\Documents\GitHub\Web_UKM_Polinela\system\Database\MySQLi\Connection.php:295
Stack trace:
#0 C:\Users\user\Documents\GitHub\Web_UKM_Polinela\system\Database\MySQLi\Connection.php(295): mysqli->query('DELETE FROM `tb...', 0)
#1 C:\Users\user\Documents\GitHub\Web_UKM_Polinela\system\Database\BaseConnection.php(692): CodeIgniter\Database\MySQLi\Connection->execute('DELETE FROM `tb...')
#2 C:\Users\user\Documents\GitHub\Web_UKM_Polinela\system\Database\BaseConnection.php(606): CodeIgniter\Database\BaseConnection->simpleQuery('DELETE FROM `tb...')
#3 C:\Users\user\Documents\GitHub\Web_UKM_Polinela\system\Database\BaseBuilder.php(2791): CodeIgniter\Database\BaseConnection->query('DELETE FROM `tb...', Array, false)
#4 C:\Users\user\Documents\GitHub\Web_UKM_Polinela\system\Model.php(456): CodeIgniter\Database\BaseBuilder->delete()
#5 C:\Users\user\Documents\GitHub\Web_UKM_Polinela\system\BaseModel.php(1065): CodeIgniter\Model->doDelete(Array, false)
#6 C:\Users\user\Documents\GitHub\Web_UKM_Polinela\app\Controllers\UKM.php(60): CodeIgniter\BaseModel->delete(Array)
#7 C:\Users\user\Documents\GitHub\Web_UKM_Polinela\system\CodeIgniter.php(934): App\Controllers\UKM->destroy('OEl4NmNKZGNUY2N...')
#8 C:\Users\user\Documents\GitHub\Web_UKM_Polinela\system\CodeIgniter.php(499): CodeIgniter\CodeIgniter->runController(Object(App\Controllers\UKM))
#9 C:\Users\user\Documents\GitHub\Web_UKM_Polinela\system\CodeIgniter.php(368): CodeIgniter\CodeIgniter->handleRequest(NULL, Object(Config\Cache), false)
#10 C:\Users\user\Documents\GitHub\Web_UKM_Polinela\public\index.php(67): CodeIgniter\CodeIgniter->run()
#11 C:\Users\user\Documents\GitHub\Web_UKM_Polinela\system\Commands\Server\rewrite.php(47): require_once('C:\\Users\\user\\D...')
#12 {main}
CRITICAL - 2023-07-16 01:43:35 --> Cannot delete or update a parent row: a foreign key constraint fails (`db_ukm`.`tb_kontak`, CONSTRAINT `tb_kontak_ibfk_1` FOREIGN KEY (`id_ukm`) REFERENCES `tb_ukm` (`id_ukm`))
in SYSTEMPATH\Database\MySQLi\Connection.php on line 295.
 1 SYSTEMPATH\Database\MySQLi\Connection.php(295): mysqli->query('DELETE FROM `tb_ukm`
WHERE `id_ukm` IN (\'8\')', 0)
 2 SYSTEMPATH\Database\BaseConnection.php(692): CodeIgniter\Database\MySQLi\Connection->execute('DELETE FROM `tb_ukm`
WHERE `id_ukm` IN (\'8\')')
 3 SYSTEMPATH\Database\BaseConnection.php(606): CodeIgniter\Database\BaseConnection->simpleQuery('DELETE FROM `tb_ukm`
WHERE `id_ukm` IN (\'8\')')
 4 SYSTEMPATH\Database\BaseBuilder.php(2791): CodeIgniter\Database\BaseConnection->query('DELETE FROM `tb_ukm`
WHERE `id_ukm` IN :id_ukm:', [...], false)
 5 SYSTEMPATH\Model.php(456): CodeIgniter\Database\BaseBuilder->delete()
 6 SYSTEMPATH\BaseModel.php(1065): CodeIgniter\Model->doDelete([...], false)
 7 APPPATH\Controllers\UKM.php(60): CodeIgniter\BaseModel->delete([...])
 8 SYSTEMPATH\CodeIgniter.php(934): App\Controllers\UKM->destroy('OEl4NmNKZGNUY2NlOFQxU0w1aWlrQT09')
 9 SYSTEMPATH\CodeIgniter.php(499): CodeIgniter\CodeIgniter->runController(Object(App\Controllers\UKM))
10 SYSTEMPATH\CodeIgniter.php(368): CodeIgniter\CodeIgniter->handleRequest(null, Object(Config\Cache), false)
11 FCPATH\index.php(67): CodeIgniter\CodeIgniter->run()
12 SYSTEMPATH\Commands\Server\rewrite.php(47): require_once('C:\\Users\\user\\Documents\\GitHub\\Web_UKM_Polinela\\public\\index.php')
ERROR - 2023-07-16 01:43:49 --> mysqli_sql_exception: Cannot delete or update a parent row: a foreign key constraint fails (`db_ukm`.`tb_kontak`, CONSTRAINT `tb_kontak_ibfk_1` FOREIGN KEY (`id_ukm`) REFERENCES `tb_ukm` (`id_ukm`)) in C:\Users\user\Documents\GitHub\Web_UKM_Polinela\system\Database\MySQLi\Connection.php:295
Stack trace:
#0 C:\Users\user\Documents\GitHub\Web_UKM_Polinela\system\Database\MySQLi\Connection.php(295): mysqli->query('DELETE FROM `tb...', 0)
#1 C:\Users\user\Documents\GitHub\Web_UKM_Polinela\system\Database\BaseConnection.php(692): CodeIgniter\Database\MySQLi\Connection->execute('DELETE FROM `tb...')
#2 C:\Users\user\Documents\GitHub\Web_UKM_Polinela\system\Database\BaseConnection.php(606): CodeIgniter\Database\BaseConnection->simpleQuery('DELETE FROM `tb...')
#3 C:\Users\user\Documents\GitHub\Web_UKM_Polinela\system\Database\BaseBuilder.php(2791): CodeIgniter\Database\BaseConnection->query('DELETE FROM `tb...', Array, false)
#4 C:\Users\user\Documents\GitHub\Web_UKM_Polinela\system\Model.php(456): CodeIgniter\Database\BaseBuilder->delete()
#5 C:\Users\user\Documents\GitHub\Web_UKM_Polinela\system\BaseModel.php(1065): CodeIgniter\Model->doDelete(Array, false)
#6 C:\Users\user\Documents\GitHub\Web_UKM_Polinela\app\Controllers\UKM.php(60): CodeIgniter\BaseModel->delete(Array)
#7 C:\Users\user\Documents\GitHub\Web_UKM_Polinela\system\CodeIgniter.php(934): App\Controllers\UKM->destroy('OEl4NmNKZGNUY2N...')
#8 C:\Users\user\Documents\GitHub\Web_UKM_Polinela\system\CodeIgniter.php(499): CodeIgniter\CodeIgniter->runController(Object(App\Controllers\UKM))
#9 C:\Users\user\Documents\GitHub\Web_UKM_Polinela\system\CodeIgniter.php(368): CodeIgniter\CodeIgniter->handleRequest(NULL, Object(Config\Cache), false)
#10 C:\Users\user\Documents\GitHub\Web_UKM_Polinela\public\index.php(67): CodeIgniter\CodeIgniter->run()
#11 C:\Users\user\Documents\GitHub\Web_UKM_Polinela\system\Commands\Server\rewrite.php(47): require_once('C:\\Users\\user\\D...')
#12 {main}
CRITICAL - 2023-07-16 01:43:49 --> Cannot delete or update a parent row: a foreign key constraint fails (`db_ukm`.`tb_kontak`, CONSTRAINT `tb_kontak_ibfk_1` FOREIGN KEY (`id_ukm`) REFERENCES `tb_ukm` (`id_ukm`))
in SYSTEMPATH\Database\MySQLi\Connection.php on line 295.
 1 SYSTEMPATH\Database\MySQLi\Connection.php(295): mysqli->query('DELETE FROM `tb_ukm`
WHERE `id_ukm` IN (\'8\')', 0)
 2 SYSTEMPATH\Database\BaseConnection.php(692): CodeIgniter\Database\MySQLi\Connection->execute('DELETE FROM `tb_ukm`
WHERE `id_ukm` IN (\'8\')')
 3 SYSTEMPATH\Database\BaseConnection.php(606): CodeIgniter\Database\BaseConnection->simpleQuery('DELETE FROM `tb_ukm`
WHERE `id_ukm` IN (\'8\')')
 4 SYSTEMPATH\Database\BaseBuilder.php(2791): CodeIgniter\Database\BaseConnection->query('DELETE FROM `tb_ukm`
WHERE `id_ukm` IN :id_ukm:', [...], false)
 5 SYSTEMPATH\Model.php(456): CodeIgniter\Database\BaseBuilder->delete()
 6 SYSTEMPATH\BaseModel.php(1065): CodeIgniter\Model->doDelete([...], false)
 7 APPPATH\Controllers\UKM.php(60): CodeIgniter\BaseModel->delete([...])
 8 SYSTEMPATH\CodeIgniter.php(934): App\Controllers\UKM->destroy('OEl4NmNKZGNUY2NlOFQxU0w1aWlrQT09')
 9 SYSTEMPATH\CodeIgniter.php(499): CodeIgniter\CodeIgniter->runController(Object(App\Controllers\UKM))
10 SYSTEMPATH\CodeIgniter.php(368): CodeIgniter\CodeIgniter->handleRequest(null, Object(Config\Cache), false)
11 FCPATH\index.php(67): CodeIgniter\CodeIgniter->run()
12 SYSTEMPATH\Commands\Server\rewrite.php(47): require_once('C:\\Users\\user\\Documents\\GitHub\\Web_UKM_Polinela\\public\\index.php')
ERROR - 2023-07-16 01:43:50 --> mysqli_sql_exception: Cannot delete or update a parent row: a foreign key constraint fails (`db_ukm`.`tb_kontak`, CONSTRAINT `tb_kontak_ibfk_1` FOREIGN KEY (`id_ukm`) REFERENCES `tb_ukm` (`id_ukm`)) in C:\Users\user\Documents\GitHub\Web_UKM_Polinela\system\Database\MySQLi\Connection.php:295
Stack trace:
#0 C:\Users\user\Documents\GitHub\Web_UKM_Polinela\system\Database\MySQLi\Connection.php(295): mysqli->query('DELETE FROM `tb...', 0)
#1 C:\Users\user\Documents\GitHub\Web_UKM_Polinela\system\Database\BaseConnection.php(692): CodeIgniter\Database\MySQLi\Connection->execute('DELETE FROM `tb...')
#2 C:\Users\user\Documents\GitHub\Web_UKM_Polinela\system\Database\BaseConnection.php(606): CodeIgniter\Database\BaseConnection->simpleQuery('DELETE FROM `tb...')
#3 C:\Users\user\Documents\GitHub\Web_UKM_Polinela\system\Database\BaseBuilder.php(2791): CodeIgniter\Database\BaseConnection->query('DELETE FROM `tb...', Array, false)
#4 C:\Users\user\Documents\GitHub\Web_UKM_Polinela\system\Model.php(456): CodeIgniter\Database\BaseBuilder->delete()
#5 C:\Users\user\Documents\GitHub\Web_UKM_Polinela\system\BaseModel.php(1065): CodeIgniter\Model->doDelete(Array, false)
#6 C:\Users\user\Documents\GitHub\Web_UKM_Polinela\app\Controllers\UKM.php(60): CodeIgniter\BaseModel->delete(Array)
#7 C:\Users\user\Documents\GitHub\Web_UKM_Polinela\system\CodeIgniter.php(934): App\Controllers\UKM->destroy('OEl4NmNKZGNUY2N...')
#8 C:\Users\user\Documents\GitHub\Web_UKM_Polinela\system\CodeIgniter.php(499): CodeIgniter\CodeIgniter->runController(Object(App\Controllers\UKM))
#9 C:\Users\user\Documents\GitHub\Web_UKM_Polinela\system\CodeIgniter.php(368): CodeIgniter\CodeIgniter->handleRequest(NULL, Object(Config\Cache), false)
#10 C:\Users\user\Documents\GitHub\Web_UKM_Polinela\public\index.php(67): CodeIgniter\CodeIgniter->run()
#11 C:\Users\user\Documents\GitHub\Web_UKM_Polinela\system\Commands\Server\rewrite.php(47): require_once('C:\\Users\\user\\D...')
#12 {main}
CRITICAL - 2023-07-16 01:43:50 --> Cannot delete or update a parent row: a foreign key constraint fails (`db_ukm`.`tb_kontak`, CONSTRAINT `tb_kontak_ibfk_1` FOREIGN KEY (`id_ukm`) REFERENCES `tb_ukm` (`id_ukm`))
in SYSTEMPATH\Database\MySQLi\Connection.php on line 295.
 1 SYSTEMPATH\Database\MySQLi\Connection.php(295): mysqli->query('DELETE FROM `tb_ukm`
WHERE `id_ukm` IN (\'8\')', 0)
 2 SYSTEMPATH\Database\BaseConnection.php(692): CodeIgniter\Database\MySQLi\Connection->execute('DELETE FROM `tb_ukm`
WHERE `id_ukm` IN (\'8\')')
 3 SYSTEMPATH\Database\BaseConnection.php(606): CodeIgniter\Database\BaseConnection->simpleQuery('DELETE FROM `tb_ukm`
WHERE `id_ukm` IN (\'8\')')
 4 SYSTEMPATH\Database\BaseBuilder.php(2791): CodeIgniter\Database\BaseConnection->query('DELETE FROM `tb_ukm`
WHERE `id_ukm` IN :id_ukm:', [...], false)
 5 SYSTEMPATH\Model.php(456): CodeIgniter\Database\BaseBuilder->delete()
 6 SYSTEMPATH\BaseModel.php(1065): CodeIgniter\Model->doDelete([...], false)
 7 APPPATH\Controllers\UKM.php(60): CodeIgniter\BaseModel->delete([...])
 8 SYSTEMPATH\CodeIgniter.php(934): App\Controllers\UKM->destroy('OEl4NmNKZGNUY2NlOFQxU0w1aWlrQT09')
 9 SYSTEMPATH\CodeIgniter.php(499): CodeIgniter\CodeIgniter->runController(Object(App\Controllers\UKM))
10 SYSTEMPATH\CodeIgniter.php(368): CodeIgniter\CodeIgniter->handleRequest(null, Object(Config\Cache), false)
11 FCPATH\index.php(67): CodeIgniter\CodeIgniter->run()
12 SYSTEMPATH\Commands\Server\rewrite.php(47): require_once('C:\\Users\\user\\Documents\\GitHub\\Web_UKM_Polinela\\public\\index.php')
ERROR - 2023-07-16 01:43:50 --> mysqli_sql_exception: Cannot delete or update a parent row: a foreign key constraint fails (`db_ukm`.`tb_kontak`, CONSTRAINT `tb_kontak_ibfk_1` FOREIGN KEY (`id_ukm`) REFERENCES `tb_ukm` (`id_ukm`)) in C:\Users\user\Documents\GitHub\Web_UKM_Polinela\system\Database\MySQLi\Connection.php:295
Stack trace:
#0 C:\Users\user\Documents\GitHub\Web_UKM_Polinela\system\Database\MySQLi\Connection.php(295): mysqli->query('DELETE FROM `tb...', 0)
#1 C:\Users\user\Documents\GitHub\Web_UKM_Polinela\system\Database\BaseConnection.php(692): CodeIgniter\Database\MySQLi\Connection->execute('DELETE FROM `tb...')
#2 C:\Users\user\Documents\GitHub\Web_UKM_Polinela\system\Database\BaseConnection.php(606): CodeIgniter\Database\BaseConnection->simpleQuery('DELETE FROM `tb...')
#3 C:\Users\user\Documents\GitHub\Web_UKM_Polinela\system\Database\BaseBuilder.php(2791): CodeIgniter\Database\BaseConnection->query('DELETE FROM `tb...', Array, false)
#4 C:\Users\user\Documents\GitHub\Web_UKM_Polinela\system\Model.php(456): CodeIgniter\Database\BaseBuilder->delete()
#5 C:\Users\user\Documents\GitHub\Web_UKM_Polinela\system\BaseModel.php(1065): CodeIgniter\Model->doDelete(Array, false)
#6 C:\Users\user\Documents\GitHub\Web_UKM_Polinela\app\Controllers\UKM.php(60): CodeIgniter\BaseModel->delete(Array)
#7 C:\Users\user\Documents\GitHub\Web_UKM_Polinela\system\CodeIgniter.php(934): App\Controllers\UKM->destroy('OEl4NmNKZGNUY2N...')
#8 C:\Users\user\Documents\GitHub\Web_UKM_Polinela\system\CodeIgniter.php(499): CodeIgniter\CodeIgniter->runController(Object(App\Controllers\UKM))
#9 C:\Users\user\Documents\GitHub\Web_UKM_Polinela\system\CodeIgniter.php(368): CodeIgniter\CodeIgniter->handleRequest(NULL, Object(Config\Cache), false)
#10 C:\Users\user\Documents\GitHub\Web_UKM_Polinela\public\index.php(67): CodeIgniter\CodeIgniter->run()
#11 C:\Users\user\Documents\GitHub\Web_UKM_Polinela\system\Commands\Server\rewrite.php(47): require_once('C:\\Users\\user\\D...')
#12 {main}
CRITICAL - 2023-07-16 01:43:50 --> Cannot delete or update a parent row: a foreign key constraint fails (`db_ukm`.`tb_kontak`, CONSTRAINT `tb_kontak_ibfk_1` FOREIGN KEY (`id_ukm`) REFERENCES `tb_ukm` (`id_ukm`))
in SYSTEMPATH\Database\MySQLi\Connection.php on line 295.
 1 SYSTEMPATH\Database\MySQLi\Connection.php(295): mysqli->query('DELETE FROM `tb_ukm`
WHERE `id_ukm` IN (\'8\')', 0)
 2 SYSTEMPATH\Database\BaseConnection.php(692): CodeIgniter\Database\MySQLi\Connection->execute('DELETE FROM `tb_ukm`
WHERE `id_ukm` IN (\'8\')')
 3 SYSTEMPATH\Database\BaseConnection.php(606): CodeIgniter\Database\BaseConnection->simpleQuery('DELETE FROM `tb_ukm`
WHERE `id_ukm` IN (\'8\')')
 4 SYSTEMPATH\Database\BaseBuilder.php(2791): CodeIgniter\Database\BaseConnection->query('DELETE FROM `tb_ukm`
WHERE `id_ukm` IN :id_ukm:', [...], false)
 5 SYSTEMPATH\Model.php(456): CodeIgniter\Database\BaseBuilder->delete()
 6 SYSTEMPATH\BaseModel.php(1065): CodeIgniter\Model->doDelete([...], false)
 7 APPPATH\Controllers\UKM.php(60): CodeIgniter\BaseModel->delete([...])
 8 SYSTEMPATH\CodeIgniter.php(934): App\Controllers\UKM->destroy('OEl4NmNKZGNUY2NlOFQxU0w1aWlrQT09')
 9 SYSTEMPATH\CodeIgniter.php(499): CodeIgniter\CodeIgniter->runController(Object(App\Controllers\UKM))
10 SYSTEMPATH\CodeIgniter.php(368): CodeIgniter\CodeIgniter->handleRequest(null, Object(Config\Cache), false)
11 FCPATH\index.php(67): CodeIgniter\CodeIgniter->run()
12 SYSTEMPATH\Commands\Server\rewrite.php(47): require_once('C:\\Users\\user\\Documents\\GitHub\\Web_UKM_Polinela\\public\\index.php')
INFO - 2023-07-16 01:46:44 --> Session: Class initialized using 'CodeIgniter\Session\Handlers\FileHandler' driver.
INFO - 2023-07-16 01:46:45 --> Session: Class initialized using 'CodeIgniter\Session\Handlers\FileHandler' driver.
INFO - 2023-07-16 01:46:48 --> Session: Class initialized using 'CodeIgniter\Session\Handlers\FileHandler' driver.
INFO - 2023-07-16 01:46:49 --> Session: Class initialized using 'CodeIgniter\Session\Handlers\FileHandler' driver.
INFO - 2023-07-16 01:47:39 --> Session: Class initialized using 'CodeIgniter\Session\Handlers\FileHandler' driver.
INFO - 2023-07-16 01:47:48 --> Session: Class initialized using 'CodeIgniter\Session\Handlers\FileHandler' driver.
INFO - 2023-07-16 01:48:28 --> Session: Class initialized using 'CodeIgniter\Session\Handlers\FileHandler' driver.
INFO - 2023-07-16 01:48:29 --> Session: Class initialized using 'CodeIgniter\Session\Handlers\FileHandler' driver.
INFO - 2023-07-16 01:49:12 --> Session: Class initialized using 'CodeIgniter\Session\Handlers\FileHandler' driver.
INFO - 2023-07-16 01:49:43 --> Session: Class initialized using 'CodeIgniter\Session\Handlers\FileHandler' driver.
INFO - 2023-07-16 01:51:36 --> Session: Class initialized using 'CodeIgniter\Session\Handlers\FileHandler' driver.
INFO - 2023-07-16 01:51:36 --> Session: Class initialized using 'CodeIgniter\Session\Handlers\FileHandler' driver.
INFO - 2023-07-16 01:52:17 --> Session: Class initialized using 'CodeIgniter\Session\Handlers\FileHandler' driver.
INFO - 2023-07-16 03:19:35 --> Session: Class initialized using 'CodeIgniter\Session\Handlers\FileHandler' driver.
INFO - 2023-07-16 03:23:01 --> Session: Class initialized using 'CodeIgniter\Session\Handlers\FileHandler' driver.
INFO - 2023-07-16 03:24:37 --> Session: Class initialized using 'CodeIgniter\Session\Handlers\FileHandler' driver.
INFO - 2023-07-16 03:24:38 --> Session: Class initialized using 'CodeIgniter\Session\Handlers\FileHandler' driver.
INFO - 2023-07-16 03:24:46 --> Session: Class initialized using 'CodeIgniter\Session\Handlers\FileHandler' driver.
INFO - 2023-07-16 03:24:46 --> Session: Class initialized using 'CodeIgniter\Session\Handlers\FileHandler' driver.
CRITICAL - 2023-07-16 03:24:46 --> Undefined index: id_ukm
in APPPATH\Views\update.php on line 24.
 1 APPPATH\Views\update.php(24): CodeIgniter\Debug\Exceptions->errorHandler(8, 'Undefined index: id_ukm', 'C:\\Users\\user\\Documents\\GitHub\\Web_UKM_Polinela\\app\\Views\\update.php', 24, [...])
 2 SYSTEMPATH\View\View.php(213): include('C:\\Users\\user\\Documents\\GitHub\\Web_UKM_Polinela\\app\\Views\\update.php')
 3 SYSTEMPATH\View\View.php(216): CodeIgniter\View\View->CodeIgniter\View\{closure}()
 4 SYSTEMPATH\Common.php(1184): CodeIgniter\View\View->render('update', [], true)
 5 APPPATH\Controllers\UKM.php(52): view('update', [...])
 6 SYSTEMPATH\CodeIgniter.php(934): App\Controllers\UKM->update('css', 'styles.css')
 7 SYSTEMPATH\CodeIgniter.php(499): CodeIgniter\CodeIgniter->runController(Object(App\Controllers\UKM))
 8 SYSTEMPATH\CodeIgniter.php(368): CodeIgniter\CodeIgniter->handleRequest(null, Object(Config\Cache), false)
 9 FCPATH\index.php(67): CodeIgniter\CodeIgniter->run()
10 SYSTEMPATH\Commands\Server\rewrite.php(47): require_once('C:\\Users\\user\\Documents\\GitHub\\Web_UKM_Polinela\\public\\index.php')
INFO - 2023-07-16 03:24:46 --> Session: Class initialized using 'CodeIgniter\Session\Handlers\FileHandler' driver.
CRITICAL - 2023-07-16 03:24:46 --> Undefined index: id_ukm
in APPPATH\Views\update.php on line 24.
 1 APPPATH\Views\update.php(24): CodeIgniter\Debug\Exceptions->errorHandler(8, 'Undefined index: id_ukm', 'C:\\Users\\user\\Documents\\GitHub\\Web_UKM_Polinela\\app\\Views\\update.php', 24, [...])
 2 SYSTEMPATH\View\View.php(213): include('C:\\Users\\user\\Documents\\GitHub\\Web_UKM_Polinela\\app\\Views\\update.php')
 3 SYSTEMPATH\View\View.php(216): CodeIgniter\View\View->CodeIgniter\View\{closure}()
 4 SYSTEMPATH\Common.php(1184): CodeIgniter\View\View->render('update', [], true)
 5 APPPATH\Controllers\UKM.php(52): view('update', [...])
 6 SYSTEMPATH\CodeIgniter.php(934): App\Controllers\UKM->update('js', 'scripts.js')
 7 SYSTEMPATH\CodeIgniter.php(499): CodeIgniter\CodeIgniter->runController(Object(App\Controllers\UKM))
 8 SYSTEMPATH\CodeIgniter.php(368): CodeIgniter\CodeIgniter->handleRequest(null, Object(Config\Cache), false)
 9 FCPATH\index.php(67): CodeIgniter\CodeIgniter->run()
10 SYSTEMPATH\Commands\Server\rewrite.php(47): require_once('C:\\Users\\user\\Documents\\GitHub\\Web_UKM_Polinela\\public\\index.php')
INFO - 2023-07-16 03:24:46 --> Session: Class initialized using 'CodeIgniter\Session\Handlers\FileHandler' driver.
CRITICAL - 2023-07-16 03:24:46 --> Undefined index: id_ukm
in APPPATH\Views\update.php on line 24.
 1 APPPATH\Views\update.php(24): CodeIgniter\Debug\Exceptions->errorHandler(8, 'Undefined index: id_ukm', 'C:\\Users\\user\\Documents\\GitHub\\Web_UKM_Polinela\\app\\Views\\update.php', 24, [...])
 2 SYSTEMPATH\View\View.php(213): include('C:\\Users\\user\\Documents\\GitHub\\Web_UKM_Polinela\\app\\Views\\update.php')
 3 SYSTEMPATH\View\View.php(216): CodeIgniter\View\View->CodeIgniter\View\{closure}()
 4 SYSTEMPATH\Common.php(1184): CodeIgniter\View\View->render('update', [], true)
 5 APPPATH\Controllers\UKM.php(52): view('update', [...])
 6 SYSTEMPATH\CodeIgniter.php(934): App\Controllers\UKM->update('assets', 'favicon.ico')
 7 SYSTEMPATH\CodeIgniter.php(499): CodeIgniter\CodeIgniter->runController(Object(App\Controllers\UKM))
 8 SYSTEMPATH\CodeIgniter.php(368): CodeIgniter\CodeIgniter->handleRequest(null, Object(Config\Cache), false)
 9 FCPATH\index.php(67): CodeIgniter\CodeIgniter->run()
10 SYSTEMPATH\Commands\Server\rewrite.php(47): require_once('C:\\Users\\user\\Documents\\GitHub\\Web_UKM_Polinela\\public\\index.php')
INFO - 2023-07-16 03:24:52 --> Session: Class initialized using 'CodeIgniter\Session\Handlers\FileHandler' driver.
INFO - 2023-07-16 03:24:52 --> Session: Class initialized using 'CodeIgniter\Session\Handlers\FileHandler' driver.
INFO - 2023-07-16 03:24:59 --> Session: Class initialized using 'CodeIgniter\Session\Handlers\FileHandler' driver.
